#
# A fatal error has been detected by the Java Runtime Environment:
#
#  EXCEPTION_ACCESS_VIOLATION (0xc0000005) at pc=0x000000006ff84a1b, pid=30012, tid=30088
#
# JRE version: Java(TM) SE Runtime Environment (7.0_79-b15) (build 1.7.0_79-b15)
# Java VM: Java HotSpot(TM) 64-Bit Server VM (24.79-b02 mixed mode windows-amd64 compressed oops)
# Problematic frame:
# V  [jvm.dll+0x144a1b]
#
# Failed to write core dump. Minidumps are not enabled by default on client versions of Windows
#
# If you would like to submit a bug report, please visit:
#   http://bugreport.java.com/bugreport/crash.jsp
#

---------------  T H R E A D  ---------------

Current thread (0x00000000057b7800):  JavaThread "JDWP Transport Listener: dt_socket" daemon [_thread_in_vm, id=30088, stack(0x0000000006850000,0x0000000006950000)]

siginfo: ExceptionCode=0xc0000005, reading address 0xffffffffffffffff

Registers:
RAX=0x000000000694f901, RBX=0x00000000057b7800, RCX=0x62617a69003b3e3b, RDX=0x0000000000000000
RSP=0x000000000694f900, RBP=0x62617a69003b3e3b, RSI=0x000000000694fa18, RDI=0x0000000002328ff0
R8 =0x00000000057b7800, R9 =0x0000000000000700, R10=0x0000000000000000, R11=0x000001cb000e002f
R12=0x0000000000000000, R13=0x00000000057b0cf8, R14=0x0000000000000000, R15=0x0000000000000000
RIP=0x000000006ff84a1b, EFLAGS=0x0000000000010202

Top of Stack: (sp=0x000000000694f900)
0x000000000694f900:   00000000057b7800 000000000000000d
0x000000000694f910:   000000000694f9c8 00000000701269ed
0x000000000694f920:   00000000057b7800 0000000070144602
0x000000000694f930:   0000000000000000 0000000073fb8e8d
0x000000000694f940:   0000000005759058 0000000073fc2666
0x000000000694f950:   00000000057b7800 0000000000000000
0x000000000694f960:   0000000000000000 0000000000000000
0x000000000694f970:   62617a69003b3e3b 0000000073fc175d
0x000000000694f980:   000000000694fa18 000000000694f9f0
0x000000000694f990:   0000000000000001 0000000005759058
0x000000000694f9a0:   62617a69003b3e3b 0000000073fa53b3
0x000000000694f9b0:   000000000694fae0 0000000000000001
0x000000000694f9c0:   0000000000000001 0000000005759058
0x000000000694f9d0:   0000000000000009 0000000000000000
0x000000000694f9e0:   0000000000000000 0000000000000000
0x000000000694f9f0:   0000000000000001 0000000073fa5571 

Instructions: (pc=0x000000006ff84a1b)
0x000000006ff849fb:   48 8b 5c 24 30 48 89 47 18 48 83 c4 20 5f c3 cc
0x000000006ff84a0b:   cc cc cc cc cc 40 53 48 83 ec 20 48 85 c9 74 54
0x000000006ff84a1b:   48 8b 19 48 85 db 74 4c 48 b8 fe fe fe fe fe fe
0x000000006ff84a2b:   fe fe 48 3b d8 74 3d 80 3d 8f 26 61 00 00 74 15 


Register to memory mapping:

RAX=0x000000000694f901 is pointing into the stack for thread: 0x00000000057b7800
RBX=0x00000000057b7800 is a thread
RCX=0x62617a69003b3e3b is an unknown value
RDX=0x0000000000000000 is an unknown value
RSP=0x000000000694f900 is pointing into the stack for thread: 0x00000000057b7800
RBP=0x62617a69003b3e3b is an unknown value
RSI=0x000000000694fa18 is pointing into the stack for thread: 0x00000000057b7800
RDI=0x0000000002328ff0 is an unknown value
R8 =0x00000000057b7800 is a thread
R9 =0x0000000000000700 is an unknown value
R10=0x0000000000000000 is an unknown value
R11=0x000001cb000e002f is an unknown value
R12=0x0000000000000000 is an unknown value
R13=0x00000000057b0cf8 is an unknown value
R14=0x0000000000000000 is an unknown value
R15=0x0000000000000000 is an unknown value


Stack: [0x0000000006850000,0x0000000006950000],  sp=0x000000000694f900,  free space=1022k
Native frames: (J=compiled Java code, j=interpreted, Vv=VM code, C=native code)
V  [jvm.dll+0x144a1b]


---------------  P R O C E S S  ---------------

Java Threads: ( => current thread )
  0x00000000057df800 JavaThread "Service Thread" daemon [_thread_blocked, id=30124, stack(0x0000000006c40000,0x0000000006d40000)]
  0x00000000057de800 JavaThread "C2 CompilerThread1" daemon [_thread_blocked, id=30120, stack(0x0000000006a50000,0x0000000006b50000)]
  0x00000000057d2800 JavaThread "C2 CompilerThread0" daemon [_thread_blocked, id=30116, stack(0x0000000006950000,0x0000000006a50000)]
  0x00000000057bd000 JavaThread "JDWP Command Reader" daemon [_thread_in_native, id=30104, stack(0x0000000006750000,0x0000000006850000)]
  0x00000000057bb800 JavaThread "JDWP Event Helper Thread" daemon [_thread_blocked, id=30092, stack(0x0000000006420000,0x0000000006520000)]
=>0x00000000057b7800 JavaThread "JDWP Transport Listener: dt_socket" daemon [_thread_in_vm, id=30088, stack(0x0000000006850000,0x0000000006950000)]
  0x00000000057aa000 JavaThread "Attach Listener" daemon [_thread_blocked, id=30056, stack(0x0000000005ff0000,0x00000000060f0000)]
  0x00000000057a6800 JavaThread "Signal Dispatcher" daemon [_thread_blocked, id=30052, stack(0x0000000005b70000,0x0000000005c70000)]
  0x0000000005751800 JavaThread "Finalizer" daemon [_thread_blocked, id=30048, stack(0x0000000005d30000,0x0000000005e30000)]
  0x000000000574a000 JavaThread "Reference Handler" daemon [_thread_blocked, id=30044, stack(0x0000000005a40000,0x0000000005b40000)]
  0x000000000232f000 JavaThread "main" [_thread_blocked, id=30036, stack(0x00000000023d0000,0x00000000024d0000)]

Other Threads:
  0x0000000005742000 VMThread [stack: 0x0000000005900000,0x0000000005a00000] [id=30040]
  0x00000000057e9800 WatcherThread [stack: 0x0000000006e80000,0x0000000006f80000] [id=30128]

VM state:not at safepoint (normal execution)

VM Mutex/Monitor currently owned by a thread: None

Heap
 def new generation   total 9408K, used 1900K [0x00000000dc400000, 0x00000000dce30000, 0x00000000e6750000)
  eden space 8384K,  22% used [0x00000000dc400000, 0x00000000dc5db308, 0x00000000dcc30000)
  from space 1024K,   0% used [0x00000000dcc30000, 0x00000000dcc30000, 0x00000000dcd30000)
  to   space 1024K,   0% used [0x00000000dcd30000, 0x00000000dcd30000, 0x00000000dce30000)
 tenured generation   total 20928K, used 0K [0x00000000e6750000, 0x00000000e7bc0000, 0x00000000fae00000)
   the space 20928K,   0% used [0x00000000e6750000, 0x00000000e6750000, 0x00000000e6750200, 0x00000000e7bc0000)
 compacting perm gen  total 21248K, used 6093K [0x00000000fae00000, 0x00000000fc2c0000, 0x0000000100000000)
   the space 21248K,  28% used [0x00000000fae00000, 0x00000000fb3f3620, 0x00000000fb3f3800, 0x00000000fc2c0000)
No shared spaces configured.

Card table byte_map: [0x00000000054d0000,0x00000000055f0000] byte_map_base: 0x0000000004dee000

Polling page: 0x0000000000320000

Code Cache  [0x00000000024d0000, 0x0000000002740000, 0x00000000054d0000)
 total_blobs=209 nmethods=4 adapters=167 free_code_cache=48751Kb largest_free_block=49919104

Compilation events (8 events):
Event: 0.960 Thread 0x00000000057d2800    1             java.lang.String::hashCode (55 bytes)
Event: 0.979 Thread 0x00000000057d2800 nmethod 1 0x000000000252fd90 code [0x000000000252fec0, 0x0000000002530038]
Event: 1.004 Thread 0x00000000057d2800    2             java.lang.String::charAt (29 bytes)
Event: 1.006 Thread 0x00000000057d2800 nmethod 2 0x000000000252fa90 code [0x000000000252fbe0, 0x000000000252fcb8]
Event: 1.009 Thread 0x00000000057d2800    3             java.lang.String::indexOf (70 bytes)
Event: 1.016 Thread 0x00000000057d2800 nmethod 3 0x000000000252f650 code [0x000000000252f7a0, 0x000000000252f988]
Event: 1.235 Thread 0x00000000057d2800    4             java.lang.String::indexOf (166 bytes)
Event: 1.261 Thread 0x00000000057d2800 nmethod 4 0x000000000252eb50 code [0x000000000252eca0, 0x000000000252f1b8]

GC Heap History (0 events):
No events

Deoptimization events (0 events):
No events

Internal exceptions (10 events):
Event: 0.949 Thread 0x000000000232f000 Threw 0x00000000dc4a3360 at C:\re\jdk7u79\2331\hotspot\src\share\vm\prims\jvm.cpp:1304
Event: 0.951 Thread 0x000000000232f000 Threw 0x00000000dc4ab750 at C:\re\jdk7u79\2331\hotspot\src\share\vm\prims\jvm.cpp:1304
Event: 0.953 Thread 0x000000000232f000 Threw 0x00000000dc4af130 at C:\re\jdk7u79\2331\hotspot\src\share\vm\prims\jvm.cpp:1304
Event: 1.025 Thread 0x000000000232f000 Threw 0x00000000dc4cc318 at C:\re\jdk7u79\2331\hotspot\src\share\vm\prims\jvm.cpp:1304
Event: 1.028 Thread 0x000000000232f000 Threw 0x00000000dc4d1050 at C:\re\jdk7u79\2331\hotspot\src\share\vm\prims\jvm.cpp:1304
Event: 1.030 Thread 0x000000000232f000 Threw 0x00000000dc4d6d78 at C:\re\jdk7u79\2331\hotspot\src\share\vm\prims\jvm.cpp:1304
Event: 1.032 Thread 0x000000000232f000 Threw 0x00000000dc4e2fa8 at C:\re\jdk7u79\2331\hotspot\src\share\vm\prims\jvm.cpp:1304
Event: 1.034 Thread 0x000000000232f000 Threw 0x00000000dc4e66c8 at C:\re\jdk7u79\2331\hotspot\src\share\vm\prims\jvm.cpp:1304
Event: 1.226 Thread 0x000000000232f000 Threw 0x00000000dc4f3f98 at C:\re\jdk7u79\2331\hotspot\src\share\vm\prims\jvm.cpp:1304
Event: 1.234 Thread 0x000000000232f000 Threw 0x00000000dc4fc128 at C:\re\jdk7u79\2331\hotspot\src\share\vm\prims\jvm.cpp:1304

Events (10 events):
Event: 3246.654 Executing VM operation: ChangeBreakpoints
Event: 3246.655 Executing VM operation: ChangeBreakpoints done
Event: 3246.678 Executing VM operation: ChangeBreakpoints
Event: 3246.678 Executing VM operation: ChangeBreakpoints done
Event: 3246.709 Executing VM operation: ChangeBreakpoints
Event: 3246.710 Executing VM operation: ChangeBreakpoints done
Event: 3246.710 Executing VM operation: ChangeBreakpoints
Event: 3246.710 Executing VM operation: ChangeBreakpoints done
Event: 3277.251 Executing VM operation: RedefineClasses
Event: 3277.253 Executing VM operation: RedefineClasses done


Dynamic libraries:
0x000000013f0c0000 - 0x000000013f0f3000 	C:\Program Files\Java\jre7\bin\javaw.exe
0x0000000076fd0000 - 0x0000000077179000 	C:\Windows\SYSTEM32\ntdll.dll
0x0000000076eb0000 - 0x0000000076fcf000 	C:\Windows\system32\kernel32.dll
0x000007fefcfc0000 - 0x000007fefd02c000 	C:\Windows\system32\KERNELBASE.dll
0x000007feff200000 - 0x000007feff2db000 	C:\Windows\system32\ADVAPI32.dll
0x000007fefdbb0000 - 0x000007fefdc4f000 	C:\Windows\system32\msvcrt.dll
0x000007fefd3e0000 - 0x000007fefd3ff000 	C:\Windows\SYSTEM32\sechost.dll
0x000007fefde40000 - 0x000007fefdf6d000 	C:\Windows\system32\RPCRT4.dll
0x0000000076db0000 - 0x0000000076eaa000 	C:\Windows\system32\USER32.dll
0x000007fefd2f0000 - 0x000007fefd357000 	C:\Windows\system32\GDI32.dll
0x000007fefd2e0000 - 0x000007fefd2ee000 	C:\Windows\system32\LPK.dll
0x000007fefdd40000 - 0x000007fefde09000 	C:\Windows\system32\USP10.dll
0x000007fefb9a0000 - 0x000007fefbb94000 	C:\Windows\WinSxS\amd64_microsoft.windows.common-controls_6595b64144ccf1df_6.0.7601.18837_none_fa3b1e3d17594757\COMCTL32.dll
0x000007fefe2e0000 - 0x000007fefe351000 	C:\Windows\system32\SHLWAPI.dll
0x000007fefde10000 - 0x000007fefde3e000 	C:\Windows\system32\IMM32.DLL
0x000007feff0f0000 - 0x000007feff1f9000 	C:\Windows\system32\MSCTF.dll
0x00000000739a0000 - 0x0000000073a72000 	C:\Program Files\Java\jre7\bin\msvcr100.dll
0x000000006fe40000 - 0x0000000070615000 	C:\Program Files\Java\jre7\bin\server\jvm.dll
0x000007fefaf70000 - 0x000007fefaf79000 	C:\Windows\system32\WSOCK32.dll
0x000007fefdcf0000 - 0x000007fefdd3d000 	C:\Windows\system32\WS2_32.dll
0x000007fefda70000 - 0x000007fefda78000 	C:\Windows\system32\NSI.dll
0x000007fef4120000 - 0x000007fef415b000 	C:\Windows\system32\WINMM.dll
0x0000000077190000 - 0x0000000077197000 	C:\Windows\system32\PSAPI.DLL
0x0000000074b70000 - 0x0000000074b7f000 	C:\Program Files\Java\jre7\bin\verify.dll
0x0000000074a70000 - 0x0000000074a98000 	C:\Program Files\Java\jre7\bin\java.dll
0x0000000073fa0000 - 0x0000000073fd5000 	C:\Program Files\Java\jre7\bin\jdwp.dll
0x0000000074b30000 - 0x0000000074b38000 	C:\Program Files\Java\jre7\bin\npt.dll
0x0000000074980000 - 0x0000000074995000 	C:\Program Files\Java\jre7\bin\zip.dll
0x0000000074b40000 - 0x0000000074b49000 	C:\Program Files\Java\jre7\bin\dt_socket.dll
0x000007fefa9a0000 - 0x000007fefa9b5000 	C:\Windows\system32\NLAapi.dll
0x000007fefa600000 - 0x000007fefa615000 	C:\Windows\system32\napinsp.dll
0x000007fef10b0000 - 0x000007fef10c9000 	C:\Windows\system32\pnrpnsp.dll
0x000007fefc760000 - 0x000007fefc7b5000 	C:\Windows\System32\mswsock.dll
0x000007fefc5e0000 - 0x000007fefc63b000 	C:\Windows\system32\DNSAPI.dll
0x000007fef0570000 - 0x000007fef057b000 	C:\Windows\System32\winrnr.dll
0x000007fef0560000 - 0x000007fef0570000 	C:\Windows\system32\wshbth.dll
0x000007fefa590000 - 0x000007fefa5b7000 	C:\Windows\system32\IPHLPAPI.DLL
0x000007fefa580000 - 0x000007fefa58b000 	C:\Windows\system32\WINNSI.DLL
0x000007fefa390000 - 0x000007fefa3e3000 	C:\Windows\System32\fwpuclnt.dll
0x000007fef7ba0000 - 0x000007fef7ba8000 	C:\Windows\system32\rasadhlp.dll
0x000007fefc100000 - 0x000007fefc107000 	C:\Windows\System32\wshtcpip.dll
0x00000000724c0000 - 0x00000000724da000 	C:\Program Files\Java\jre7\bin\net.dll
0x000007fefc750000 - 0x000007fefc757000 	C:\Windows\System32\wship6.dll
0x0000000071430000 - 0x0000000071441000 	C:\Program Files\Java\jre7\bin\nio.dll
0x000007feee040000 - 0x000007feee165000 	C:\Windows\system32\dbghelp.dll

VM Arguments:
jvm_args: -agentlib:jdwp=transport=dt_socket,suspend=y,address=localhost:50583 -Dfile.encoding=Cp1252 
java_command: LuceneForComments
Launcher Type: SUN_STANDARD

Environment Variables:
JAVA_HOME=C:\Program Files\Java\jdk1.7.0_79\bin
PATH=C:\Program Files\Dell\DW WLAN Card;C:\Windows\system32;C:\Windows;C:\Windows\System32\Wbem;C:\Windows\System32\WindowsPowerShell\v1.0\;C:\Program Files\WIDCOMM\Bluetooth Software\;C:\Program Files\WIDCOMM\Bluetooth Software\syswow64;C:\Program Files (x86)\Skype\Phone\;C:\Program Files\MATLAB\R2015b\bin;C:\Program Files\MATLAB\R2012a\runtime\win64;C:\Program Files\MATLAB\R2012a\bin;C:\sonar-runner-dist-2.4\sonar-runner-2.4\bin;C:\Program Files\Java\jdk1.7.0_79\jre\bin
USERNAME=Zohaa Qamar
OS=Windows_NT
PROCESSOR_IDENTIFIER=Intel64 Family 6 Model 42 Stepping 7, GenuineIntel



---------------  S Y S T E M  ---------------

OS: Windows 7 , 64 bit Build 7601 Service Pack 1

CPU:total 1 (2 cores per cpu, 1 threads per core) family 6 model 42 stepping 7, cmov, cx8, fxsr, mmx, sse, sse2, sse3, ssse3, sse4.1, sse4.2, popcnt, tsc, tscinvbit

Memory: 4k page, physical 2003224k(235900k free), swap 4006448k(554476k free)

vm_info: Java HotSpot(TM) 64-Bit Server VM (24.79-b02) for windows-amd64 JRE (1.7.0_79-b15), built on Apr 10 2015 12:36:16 by "java_re" with unknown MS VC++:1600

time: Wed Nov 11 20:17:33 2015
elapsed time: 3277 seconds

