#
# A fatal error has been detected by the Java Runtime Environment:
#
#  EXCEPTION_ACCESS_VIOLATION (0xc0000005) at pc=0x000000006ff84a1b, pid=27348, tid=29756
#
# JRE version: Java(TM) SE Runtime Environment (7.0_79-b15) (build 1.7.0_79-b15)
# Java VM: Java HotSpot(TM) 64-Bit Server VM (24.79-b02 mixed mode windows-amd64 compressed oops)
# Problematic frame:
# V  [jvm.dll+0x144a1b]
#
# Failed to write core dump. Minidumps are not enabled by default on client versions of Windows
#
# If you would like to submit a bug report, please visit:
#   http://bugreport.java.com/bugreport/crash.jsp
#

---------------  T H R E A D  ---------------

Current thread (0x00000000057d7800):  JavaThread "JDWP Transport Listener: dt_socket" daemon [_thread_in_vm, id=29756, stack(0x0000000006ab0000,0x0000000006bb0000)]

siginfo: ExceptionCode=0xc0000005, reading address 0xffffffffffffffff

Registers:
RAX=0x0000000006baf201, RBX=0x00000000057d7800, RCX=0x62617a69003b3e3b, RDX=0x0000000000000000
RSP=0x0000000006baf220, RBP=0x62617a69003b3e3b, RSI=0x0000000006baf338, RDI=0x00000000022a8ff0
R8 =0x00000000057d7800, R9 =0x0000000000000700, R10=0x0000000000000000, R11=0x2be0016f000e002f
R12=0x0000000000000000, R13=0x00000000057d0c98, R14=0x0000000000000000, R15=0x0000000000000000
RIP=0x000000006ff84a1b, EFLAGS=0x0000000000010202

Top of Stack: (sp=0x0000000006baf220)
0x0000000006baf220:   00000000057d7800 000000000000000d
0x0000000006baf230:   0000000006baf2e8 00000000701269ed
0x0000000006baf240:   00000000057d7800 0000000070144602
0x0000000006baf250:   0000000000000000 0000000073fb8e8d
0x0000000006baf260:   0000000005779058 0000000073fc2666
0x0000000006baf270:   00000000057d7800 0000000000000000
0x0000000006baf280:   0000000000000000 0000000000000000
0x0000000006baf290:   62617a69003b3e3b 0000000073fc175d
0x0000000006baf2a0:   0000000006baf338 0000000006baf310
0x0000000006baf2b0:   0000000000000001 0000000005779058
0x0000000006baf2c0:   62617a69003b3e3b 0000000073fa53b3
0x0000000006baf2d0:   0000000006baf400 0000000000000001
0x0000000006baf2e0:   0000000000000001 0000000005779058
0x0000000006baf2f0:   0000000000000009 0000000000000000
0x0000000006baf300:   0000000000000000 0000000000000000
0x0000000006baf310:   0000000000000001 0000000073fa5571 

Instructions: (pc=0x000000006ff84a1b)
0x000000006ff849fb:   48 8b 5c 24 30 48 89 47 18 48 83 c4 20 5f c3 cc
0x000000006ff84a0b:   cc cc cc cc cc 40 53 48 83 ec 20 48 85 c9 74 54
0x000000006ff84a1b:   48 8b 19 48 85 db 74 4c 48 b8 fe fe fe fe fe fe
0x000000006ff84a2b:   fe fe 48 3b d8 74 3d 80 3d 8f 26 61 00 00 74 15 


Register to memory mapping:

RAX=0x0000000006baf201 is pointing into the stack for thread: 0x00000000057d7800
RBX=0x00000000057d7800 is a thread
RCX=0x62617a69003b3e3b is an unknown value
RDX=0x0000000000000000 is an unknown value
RSP=0x0000000006baf220 is pointing into the stack for thread: 0x00000000057d7800
RBP=0x62617a69003b3e3b is an unknown value
RSI=0x0000000006baf338 is pointing into the stack for thread: 0x00000000057d7800
RDI=0x00000000022a8ff0 is an unknown value
R8 =0x00000000057d7800 is a thread
R9 =0x0000000000000700 is an unknown value
R10=0x0000000000000000 is an unknown value
R11=0x2be0016f000e002f is an unknown value
R12=0x0000000000000000 is an unknown value
R13=0x00000000057d0c98 is an unknown value
R14=0x0000000000000000 is an unknown value
R15=0x0000000000000000 is an unknown value


Stack: [0x0000000006ab0000,0x0000000006bb0000],  sp=0x0000000006baf220,  free space=1020k
Native frames: (J=compiled Java code, j=interpreted, Vv=VM code, C=native code)
V  [jvm.dll+0x144a1b]


---------------  P R O C E S S  ---------------

Java Threads: ( => current thread )
  0x00000000057ff800 JavaThread "Service Thread" daemon [_thread_blocked, id=29792, stack(0x0000000007180000,0x0000000007280000)]
  0x00000000057fe800 JavaThread "C2 CompilerThread1" daemon [_thread_blocked, id=29788, stack(0x0000000007010000,0x0000000007110000)]
  0x00000000057f2800 JavaThread "C2 CompilerThread0" daemon [_thread_blocked, id=29784, stack(0x0000000006e40000,0x0000000006f40000)]
  0x00000000057dd000 JavaThread "JDWP Command Reader" daemon [_thread_in_native, id=29772, stack(0x0000000006790000,0x0000000006890000)]
  0x00000000057db800 JavaThread "JDWP Event Helper Thread" daemon [_thread_blocked, id=29760, stack(0x0000000006cb0000,0x0000000006db0000)]
=>0x00000000057d7800 JavaThread "JDWP Transport Listener: dt_socket" daemon [_thread_in_vm, id=29756, stack(0x0000000006ab0000,0x0000000006bb0000)]
  0x00000000057ca000 JavaThread "Attach Listener" daemon [_thread_blocked, id=29736, stack(0x00000000061a0000,0x00000000062a0000)]
  0x00000000057c6800 JavaThread "Signal Dispatcher" daemon [_thread_blocked, id=29732, stack(0x0000000005fe0000,0x00000000060e0000)]
  0x0000000005771800 JavaThread "Finalizer" daemon [_thread_blocked, id=29728, stack(0x0000000005e00000,0x0000000005f00000)]
  0x000000000576a000 JavaThread "Reference Handler" daemon [_thread_blocked, id=29724, stack(0x0000000005c70000,0x0000000005d70000)]
  0x00000000022af000 JavaThread "main" [_thread_blocked, id=29716, stack(0x0000000002510000,0x0000000002610000)]

Other Threads:
  0x0000000005762000 VMThread [stack: 0x0000000005a90000,0x0000000005b90000] [id=29720]
  0x0000000005809800 WatcherThread [stack: 0x00000000069b0000,0x0000000006ab0000] [id=29796]

VM state:not at safepoint (normal execution)

VM Mutex/Monitor currently owned by a thread: None

Heap
 def new generation   total 9408K, used 1900K [0x00000000dc400000, 0x00000000dce30000, 0x00000000e6750000)
  eden space 8384K,  22% used [0x00000000dc400000, 0x00000000dc5db308, 0x00000000dcc30000)
  from space 1024K,   0% used [0x00000000dcc30000, 0x00000000dcc30000, 0x00000000dcd30000)
  to   space 1024K,   0% used [0x00000000dcd30000, 0x00000000dcd30000, 0x00000000dce30000)
 tenured generation   total 20928K, used 0K [0x00000000e6750000, 0x00000000e7bc0000, 0x00000000fae00000)
   the space 20928K,   0% used [0x00000000e6750000, 0x00000000e6750000, 0x00000000e6750200, 0x00000000e7bc0000)
 compacting perm gen  total 21248K, used 6093K [0x00000000fae00000, 0x00000000fc2c0000, 0x0000000100000000)
   the space 21248K,  28% used [0x00000000fae00000, 0x00000000fb3f3620, 0x00000000fb3f3800, 0x00000000fc2c0000)
No shared spaces configured.

Card table byte_map: [0x00000000023b0000,0x00000000024d0000] byte_map_base: 0x0000000001cce000

Polling page: 0x0000000000320000

Code Cache  [0x0000000002610000, 0x0000000002880000, 0x0000000005610000)
 total_blobs=209 nmethods=4 adapters=167 free_code_cache=48751Kb largest_free_block=49919104

Compilation events (8 events):
Event: 0.740 Thread 0x00000000057f2800    1             java.lang.String::hashCode (55 bytes)
Event: 0.760 Thread 0x00000000057f2800 nmethod 1 0x000000000266fd90 code [0x000000000266fec0, 0x0000000002670038]
Event: 0.768 Thread 0x00000000057f2800    2             java.lang.String::charAt (29 bytes)
Event: 0.770 Thread 0x00000000057f2800 nmethod 2 0x000000000266fa90 code [0x000000000266fbe0, 0x000000000266fcb8]
Event: 0.774 Thread 0x00000000057f2800    3             java.lang.String::indexOf (70 bytes)
Event: 0.783 Thread 0x00000000057f2800 nmethod 3 0x000000000266f650 code [0x000000000266f7a0, 0x000000000266f988]
Event: 0.905 Thread 0x00000000057f2800    4             java.lang.String::indexOf (166 bytes)
Event: 0.928 Thread 0x00000000057f2800 nmethod 4 0x000000000266eb50 code [0x000000000266eca0, 0x000000000266f1b8]

GC Heap History (0 events):
No events

Deoptimization events (0 events):
No events

Internal exceptions (10 events):
Event: 0.723 Thread 0x00000000022af000 Threw 0x00000000dc4a3360 at C:\re\jdk7u79\2331\hotspot\src\share\vm\prims\jvm.cpp:1304
Event: 0.729 Thread 0x00000000022af000 Threw 0x00000000dc4ab750 at C:\re\jdk7u79\2331\hotspot\src\share\vm\prims\jvm.cpp:1304
Event: 0.733 Thread 0x00000000022af000 Threw 0x00000000dc4af130 at C:\re\jdk7u79\2331\hotspot\src\share\vm\prims\jvm.cpp:1304
Event: 0.794 Thread 0x00000000022af000 Threw 0x00000000dc4cc318 at C:\re\jdk7u79\2331\hotspot\src\share\vm\prims\jvm.cpp:1304
Event: 0.799 Thread 0x00000000022af000 Threw 0x00000000dc4d1050 at C:\re\jdk7u79\2331\hotspot\src\share\vm\prims\jvm.cpp:1304
Event: 0.801 Thread 0x00000000022af000 Threw 0x00000000dc4d6d78 at C:\re\jdk7u79\2331\hotspot\src\share\vm\prims\jvm.cpp:1304
Event: 0.804 Thread 0x00000000022af000 Threw 0x00000000dc4e2fa8 at C:\re\jdk7u79\2331\hotspot\src\share\vm\prims\jvm.cpp:1304
Event: 0.807 Thread 0x00000000022af000 Threw 0x00000000dc4e66c8 at C:\re\jdk7u79\2331\hotspot\src\share\vm\prims\jvm.cpp:1304
Event: 0.896 Thread 0x00000000022af000 Threw 0x00000000dc4f3f98 at C:\re\jdk7u79\2331\hotspot\src\share\vm\prims\jvm.cpp:1304
Event: 0.904 Thread 0x00000000022af000 Threw 0x00000000dc4fc128 at C:\re\jdk7u79\2331\hotspot\src\share\vm\prims\jvm.cpp:1304

Events (10 events):
Event: 3278.974 Executing VM operation: ChangeBreakpoints
Event: 3278.975 Executing VM operation: ChangeBreakpoints done
Event: 3278.996 Executing VM operation: ChangeBreakpoints
Event: 3278.997 Executing VM operation: ChangeBreakpoints done
Event: 3279.027 Executing VM operation: ChangeBreakpoints
Event: 3279.027 Executing VM operation: ChangeBreakpoints done
Event: 3279.028 Executing VM operation: ChangeBreakpoints
Event: 3279.028 Executing VM operation: ChangeBreakpoints done
Event: 3308.802 Executing VM operation: RedefineClasses
Event: 3308.803 Executing VM operation: RedefineClasses done


Dynamic libraries:
0x000000013f0c0000 - 0x000000013f0f3000 	C:\Program Files\Java\jre7\bin\javaw.exe
0x0000000076fd0000 - 0x0000000077179000 	C:\Windows\SYSTEM32\ntdll.dll
0x0000000076eb0000 - 0x0000000076fcf000 	C:\Windows\system32\kernel32.dll
0x000007fefcfc0000 - 0x000007fefd02c000 	C:\Windows\system32\KERNELBASE.dll
0x000007feff200000 - 0x000007feff2db000 	C:\Windows\system32\ADVAPI32.dll
0x000007fefdbb0000 - 0x000007fefdc4f000 	C:\Windows\system32\msvcrt.dll
0x000007fefd3e0000 - 0x000007fefd3ff000 	C:\Windows\SYSTEM32\sechost.dll
0x000007fefde40000 - 0x000007fefdf6d000 	C:\Windows\system32\RPCRT4.dll
0x0000000076db0000 - 0x0000000076eaa000 	C:\Windows\system32\USER32.dll
0x000007fefd2f0000 - 0x000007fefd357000 	C:\Windows\system32\GDI32.dll
0x000007fefd2e0000 - 0x000007fefd2ee000 	C:\Windows\system32\LPK.dll
0x000007fefdd40000 - 0x000007fefde09000 	C:\Windows\system32\USP10.dll
0x000007fefb9a0000 - 0x000007fefbb94000 	C:\Windows\WinSxS\amd64_microsoft.windows.common-controls_6595b64144ccf1df_6.0.7601.18837_none_fa3b1e3d17594757\COMCTL32.dll
0x000007fefe2e0000 - 0x000007fefe351000 	C:\Windows\system32\SHLWAPI.dll
0x000007fefde10000 - 0x000007fefde3e000 	C:\Windows\system32\IMM32.DLL
0x000007feff0f0000 - 0x000007feff1f9000 	C:\Windows\system32\MSCTF.dll
0x00000000739a0000 - 0x0000000073a72000 	C:\Program Files\Java\jre7\bin\msvcr100.dll
0x000000006fe40000 - 0x0000000070615000 	C:\Program Files\Java\jre7\bin\server\jvm.dll
0x000007fefaf70000 - 0x000007fefaf79000 	C:\Windows\system32\WSOCK32.dll
0x000007fefdcf0000 - 0x000007fefdd3d000 	C:\Windows\system32\WS2_32.dll
0x000007fefda70000 - 0x000007fefda78000 	C:\Windows\system32\NSI.dll
0x000007fef4120000 - 0x000007fef415b000 	C:\Windows\system32\WINMM.dll
0x0000000077190000 - 0x0000000077197000 	C:\Windows\system32\PSAPI.DLL
0x0000000074b70000 - 0x0000000074b7f000 	C:\Program Files\Java\jre7\bin\verify.dll
0x0000000074a70000 - 0x0000000074a98000 	C:\Program Files\Java\jre7\bin\java.dll
0x0000000073fa0000 - 0x0000000073fd5000 	C:\Program Files\Java\jre7\bin\jdwp.dll
0x0000000074b30000 - 0x0000000074b38000 	C:\Program Files\Java\jre7\bin\npt.dll
0x0000000074980000 - 0x0000000074995000 	C:\Program Files\Java\jre7\bin\zip.dll
0x0000000074b40000 - 0x0000000074b49000 	C:\Program Files\Java\jre7\bin\dt_socket.dll
0x000007fefa9a0000 - 0x000007fefa9b5000 	C:\Windows\system32\NLAapi.dll
0x000007fefa600000 - 0x000007fefa615000 	C:\Windows\system32\napinsp.dll
0x000007fef10b0000 - 0x000007fef10c9000 	C:\Windows\system32\pnrpnsp.dll
0x000007fefc760000 - 0x000007fefc7b5000 	C:\Windows\System32\mswsock.dll
0x000007fefc5e0000 - 0x000007fefc63b000 	C:\Windows\system32\DNSAPI.dll
0x000007fef0570000 - 0x000007fef057b000 	C:\Windows\System32\winrnr.dll
0x000007fef0560000 - 0x000007fef0570000 	C:\Windows\system32\wshbth.dll
0x000007fefa590000 - 0x000007fefa5b7000 	C:\Windows\system32\IPHLPAPI.DLL
0x000007fefa580000 - 0x000007fefa58b000 	C:\Windows\system32\WINNSI.DLL
0x000007fefa390000 - 0x000007fefa3e3000 	C:\Windows\System32\fwpuclnt.dll
0x000007fef7ba0000 - 0x000007fef7ba8000 	C:\Windows\system32\rasadhlp.dll
0x000007fefc100000 - 0x000007fefc107000 	C:\Windows\System32\wshtcpip.dll
0x00000000724c0000 - 0x00000000724da000 	C:\Program Files\Java\jre7\bin\net.dll
0x000007fefc750000 - 0x000007fefc757000 	C:\Windows\System32\wship6.dll
0x0000000071430000 - 0x0000000071441000 	C:\Program Files\Java\jre7\bin\nio.dll
0x000007feee040000 - 0x000007feee165000 	C:\Windows\system32\dbghelp.dll

VM Arguments:
jvm_args: -agentlib:jdwp=transport=dt_socket,suspend=y,address=localhost:50581 -Dfile.encoding=Cp1252 
java_command: LuceneForComments
Launcher Type: SUN_STANDARD

Environment Variables:
JAVA_HOME=C:\Program Files\Java\jdk1.7.0_79\bin
PATH=C:\Program Files\Dell\DW WLAN Card;C:\Windows\system32;C:\Windows;C:\Windows\System32\Wbem;C:\Windows\System32\WindowsPowerShell\v1.0\;C:\Program Files\WIDCOMM\Bluetooth Software\;C:\Program Files\WIDCOMM\Bluetooth Software\syswow64;C:\Program Files (x86)\Skype\Phone\;C:\Program Files\MATLAB\R2015b\bin;C:\Program Files\MATLAB\R2012a\runtime\win64;C:\Program Files\MATLAB\R2012a\bin;C:\sonar-runner-dist-2.4\sonar-runner-2.4\bin;C:\Program Files\Java\jdk1.7.0_79\jre\bin
USERNAME=Zohaa Qamar
OS=Windows_NT
PROCESSOR_IDENTIFIER=Intel64 Family 6 Model 42 Stepping 7, GenuineIntel



---------------  S Y S T E M  ---------------

OS: Windows 7 , 64 bit Build 7601 Service Pack 1

CPU:total 1 (2 cores per cpu, 1 threads per core) family 6 model 42 stepping 7, cmov, cx8, fxsr, mmx, sse, sse2, sse3, ssse3, sse4.1, sse4.2, popcnt, tsc, tscinvbit

Memory: 4k page, physical 2003224k(222304k free), swap 4006448k(490112k free)

vm_info: Java HotSpot(TM) 64-Bit Server VM (24.79-b02) for windows-amd64 JRE (1.7.0_79-b15), built on Apr 10 2015 12:36:16 by "java_re" with unknown MS VC++:1600

time: Wed Nov 11 20:17:32 2015
elapsed time: 3309 seconds

